[00:11:06] [Server thread/INFO]: <nika11> ?????????
[00:11:11] [Server thread/INFO]: <nika11> ??? ??
[00:11:14] [Server thread/INFO]: <nika11> ????
[00:11:14] [Server thread/INFO]: <ColdPotato> erti donit vwev magla
[00:11:19] [Server thread/INFO]: <nika11> ?? ???????
[00:11:23] [Server thread/INFO]: <ColdPotato> xe ginda?
[00:11:24] [Server thread/INFO]: <nika11> 4 -?? ??????? ??????
[00:11:48] [Server thread/INFO]: <nika11> ???????? 5????? ;?
[00:12:53] [Server thread/INFO]: <nika11> ?? ???? ???? ?? ???????
[00:15:29] [Server thread/INFO]: <ColdPotato> waval me movitan kide xes
[00:18:20] [Server thread/INFO]: ColdPotato has made the advancement [Not Today, Thank You]
[00:19:37] [Server thread/INFO]: <nika11> ????? ??????? ???????? ?????
[00:19:50] [Server thread/INFO]: <ColdPotato> ok
[00:19:59] [Server thread/INFO]: <nika11> ??????? ?????????? ;?
[00:34:20] [Server thread/INFO]: <nika11> ????? ?? ?? ???????????
[00:36:39] [Server thread/INFO]: nika11 drowned
[00:36:43] [Server thread/INFO]: <nika11> ?????
[00:36:45] [Server thread/INFO]: <ColdPotato> ra mogivida
[00:36:50] [Server thread/INFO]: <nika11> ???????
[00:37:02] [Server thread/INFO]: <nika11> ??? ?????????????? ?? ???????
[00:37:19] [Server thread/INFO]: <nika11> ?? ???? ????? ?
[00:37:28] [Server thread/INFO]: <ColdPotato> me maqvs
[00:37:31] [Server thread/INFO]: <ColdPotato> moica davdeb
[00:37:32] [Server thread/INFO]: <nika11> cota maita
[00:38:18] [Server thread/INFO]: <ColdPotato> ager kidev
[00:38:19] [Server thread/INFO]: <ColdPotato> xe
[00:38:31] [Server thread/INFO]: <nika11> dedas movutyna
[00:38:40] [Server thread/INFO]: <nika11> mag magaros d;w
[00:46:51] [Server thread/INFO]: <ColdPotato> bliad
[00:46:55] [Server thread/INFO]: <nika11> ?
[00:46:55] [Server thread/INFO]: <ColdPotato> kamikadze shemoipara
[00:47:02] [Server thread/INFO]: <ColdPotato> da meore sartulze afetqda
[00:47:06] [Server thread/INFO]: <ColdPotato> aivanze
[00:47:07] [Server thread/INFO]: <nika11> eh
[00:47:11] [Server thread/INFO]: <nika11> ranariad
[00:47:13] [Server thread/INFO]: <nika11> movida mand ;
[00:47:20] [Server thread/INFO]: <nika11> gobe unda gavaketot
[00:47:24] [Server thread/INFO]: <ColdPotato> karebi darcha gia
[00:47:26] [Server thread/INFO]: <ColdPotato> qveda
[00:47:39] [Server thread/INFO]: <nika11> aa eg chemi brali iqneboda
[00:47:48] [Server thread/INFO]: <ColdPotato> kidev kargi mina blomad gvqonda
[00:47:55] [Server thread/INFO]: <nika11> ;ddd
[00:48:37] [Server thread/INFO]: <ColdPotato> gobe rogori gavaketo?
[00:48:43] [Server thread/INFO]: <ColdPotato> prosta agurtebit tu specialuri?
[00:48:55] [Server thread/INFO]: <nika11> bicho arvici ;d
[00:52:07] [Server thread/INFO]: <ColdPotato> magaro sad aris?
[00:52:11] [Server thread/INFO]: <ColdPotato> aqve romaa?
[00:52:14] [Server thread/INFO]: <nika11> tralsho
[00:52:15] [Server thread/INFO]: <ColdPotato> wyalshi?
[00:52:31] [Server thread/INFO]: <nika11> maqedanac chamoxval mara dznelam omagneb
[01:00:41] [Server thread/INFO]: <nika11> rkina amovzide
[01:00:58] [Server thread/INFO]: <nika11> prosta yelobaa ukve es magaro
[01:01:53] [Server thread/INFO]: <nika11> sadme sxvagan unda daviwyo relsebit da temebit unda gaviyvano
[01:02:16] [Server thread/INFO]: <nika11> aqedan cota mosohrebit ro amis qvesh rac iyo gadavtxare
[01:03:35] [Server thread/INFO]: <ColdPotato> :D
[01:05:06] [Server thread/INFO]: <ColdPotato> nel-nela gobes gavadideb
[01:05:14] [Server thread/INFO]: <ColdPotato> torem dzaan tynaven tvins
[01:05:17] [Server thread/INFO]: <ColdPotato> mwvaneebi
[01:05:51] [Server thread/INFO]: <nika11> me karoche moshorebit gavaketeb magaros ro aq araferi isohveba
[01:11:51] [Server thread/INFO]: <ColdPotato> gobem imushava
[01:11:58] [Server thread/INFO]: <ColdPotato> da cecxlmac
[01:15:55] [Server thread/INFO]: <ColdPotato> gavedi me
[01:16:05] [Server thread/INFO]: <nika11> midi mec malegaval
[01:16:11] [Server thread/INFO]: <nika11> amoval jugrmulidan
[01:16:26] [Server thread/INFO]: ColdPotato lost connection: Disconnected
[01:16:26] [Server thread/INFO]: ColdPotato left the game
[01:30:07] [Server thread/INFO]: nika11 lost connection: Disconnected
[01:30:07] [Server thread/INFO]: nika11 left the game
[01:30:12] [Server thread/INFO]: Stopping server
[01:30:12] [Server thread/INFO]: Saving players
[01:30:12] [Server thread/INFO]: Saving worlds
[01:30:12] [Server thread/INFO]: Saving chunks for level 'world'/minecraft:the_nether
[01:30:12] [Server thread/INFO]: ThreadedAnvilChunkStorage (DIM-1): All chunks are saved
[01:30:12] [Server thread/INFO]: Saving chunks for level 'world'/minecraft:the_end
[01:30:12] [Server thread/INFO]: ThreadedAnvilChunkStorage (DIM1): All chunks are saved
[01:30:12] [Server thread/INFO]: Saving chunks for level 'world'/minecraft:overworld
[01:30:13] [Server thread/INFO]: ThreadedAnvilChunkStorage (world): All chunks are saved
[01:30:13] [Server thread/INFO]: ThreadedAnvilChunkStorage (DIM-1): All chunks are saved
[01:30:13] [Server thread/INFO]: ThreadedAnvilChunkStorage (DIM1): All chunks are saved
[01:30:13] [Server thread/INFO]: ThreadedAnvilChunkStorage (world): All chunks are saved
